<?xml version="1.0" encoding="UTF-8"?>
<!-- Generated by org.testng.reporters.JUnitReportReporter -->
<testsuite hostname="DESKTOP-QK082SQ" failures="0" tests="2" name="Sauc_Test.NewTest" time="281.716" errors="0" timestamp="2020-03-25T17:06:57 IST" skipped="0">
  <testcase classname="Sauc_Test.NewTest" name="test1" time="185.063"/>
  <testcase classname="Sauc_Test.NewTest" name="test1" time="96.653"/>
</testsuite> <!-- Sauc_Test.NewTest -->
